<?xml version="1.0" encoding="utf-8"?><testsuites name="pytest tests"><testsuite name="pytest" errors="0" failures="0" skipped="0" tests="39" time="4.388" timestamp="2026-04-02T11:11:20.038874+00:00" hostname="agent-env-d7ed68a7-1517-411f-b89b-551e8d583760"><testcase classname="backend.tests.test_angarakha_api.TestSearchAPIs" name="test_search_autocomplete_with_query" time="0.242" /><testcase classname="backend.tests.test_angarakha_api.TestSearchAPIs" name="test_search_autocomplete_short_query" time="0.142" /><testcase classname="backend.tests.test_angarakha_api.TestSearchAPIs" name="test_search_filters" time="0.107" /><testcase classname="backend.tests.test_angarakha_api.TestSearchAPIs" name="test_search_popular" time="0.110" /><testcase classname="backend.tests.test_angarakha_api.TestGiftCardAPIs" name="test_purchase_gift_card" time="0.099" /><testcase classname="backend.tests.test_angarakha_api.TestGiftCardAPIs" name="test_check_valid_gift_card" time="0.108" /><testcase classname="backend.tests.test_angarakha_api.TestGiftCardAPIs" name="test_check_invalid_gift_card" time="0.090" /><testcase classname="backend.tests.test_angarakha_api.TestProductAPIs" name="test_list_products" time="0.139" /><testcase classname="backend.tests.test_angarakha_api.TestProductAPIs" name="test_list_products_with_filters" time="0.093" /><testcase classname="backend.tests.test_angarakha_api.TestProductAPIs" name="test_get_product_by_slug" time="0.092" /><testcase classname="backend.tests.test_angarakha_api.TestProductAPIs" name="test_get_product_not_found" time="0.108" /><testcase classname="backend.tests.test_angarakha_api.TestCollectionAPIs" name="test_list_collections" time="0.101" /><testcase classname="backend.tests.test_angarakha_api.TestCollectionAPIs" name="test_get_collection_by_slug" time="0.112" /><testcase classname="backend.tests.test_angarakha_api.TestReviewAPIs" name="test_get_reviews_for_product" time="0.095" /><testcase classname="backend.tests.test_angarakha_api.TestReviewAPIs" name="test_create_review_requires_auth" time="0.101" /><testcase classname="backend.tests.test_angarakha_api.TestNewsletterAPI" name="test_subscribe_newsletter" time="0.113" /><testcase classname="backend.tests.test_angarakha_api.TestNewsletterAPI" name="test_subscribe_duplicate" time="0.208" /><testcase classname="backend.tests.test_angarakha_api.TestCartAPIs" name="test_get_cart_without_token" time="0.092" /><testcase classname="backend.tests.test_angarakha_api.TestCartAPIs" name="test_add_to_cart_requires_token" time="0.103" /><testcase classname="backend.tests.test_angarakha_api.TestWishlistAPIs" name="test_get_wishlist_requires_auth" time="0.107" /><testcase classname="backend.tests.test_angarakha_api.TestWishlistAPIs" name="test_add_to_wishlist_requires_auth" time="0.099" /><testcase classname="backend.tests.test_angarakha_api.TestWishlistAPIs" name="test_check_wishlist_returns_false_for_guest" time="0.100" /><testcase classname="backend.tests.test_angarakha_api.TestReferralAPIs" name="test_get_referral_requires_auth" time="0.094" /><testcase classname="backend.tests.test_angarakha_api.TestReferralAPIs" name="test_apply_referral_invalid_code" time="0.096" /><testcase classname="backend.tests.test_angarakha_api.TestAddressAPIs" name="test_get_addresses_requires_auth" time="0.096" /><testcase classname="backend.tests.test_angarakha_api.TestReturnsAPIs" name="test_get_returns_requires_auth" time="0.089" /><testcase classname="backend.tests.test_angarakha_api.TestReturnsAPIs" name="test_create_return_requires_auth" time="0.109" /><testcase classname="backend.tests.test_angarakha_api.TestCouponAPIs" name="test_validate_invalid_coupon" time="0.099" /><testcase classname="backend.tests.test_angarakha_api.TestPaymentAPIs" name="test_create_payment_order" time="0.096" /><testcase classname="backend.tests.test_angarakha_api.TestPaymentAPIs" name="test_verify_payment" time="0.096" /><testcase classname="backend.tests.test_angarakha_api.TestCMSAPIs" name="test_get_hero_cms" time="0.123" /><testcase classname="backend.tests.test_angarakha_api.TestCMSAPIs" name="test_get_cms_not_found" time="0.090" /><testcase classname="backend.tests.test_angarakha_api.TestAdminAPIs" name="test_admin_analytics_requires_auth" time="0.103" /><testcase classname="backend.tests.test_angarakha_api.TestAdminAPIs" name="test_admin_inventory_requires_auth" time="0.099" /><testcase classname="backend.tests.test_angarakha_api.TestAdminAPIs" name="test_admin_returns_requires_auth" time="0.087" /><testcase classname="backend.tests.test_angarakha_api.TestAdminAPIs" name="test_admin_abandoned_carts_requires_auth" time="0.103" /><testcase classname="backend.tests.test_angarakha_api.TestAdminAPIs" name="test_admin_giftcards_requires_auth" time="0.115" /><testcase classname="backend.tests.test_angarakha_api.TestAdminAPIs" name="test_admin_referrals_requires_auth" time="0.096" /><testcase classname="backend.tests.test_angarakha_api.TestSearchMainEndpoint" name="test_search_products" time="0.121" /></testsuite></testsuites>